2015-12-17 15:45:02,618 INFO  [org.springframework.extensions.webscripts.TemplateProcessorRegistry] [localhost-startStop-1] Registered template processor freemarker for extension ftl
2015-12-17 15:45:02,625 INFO  [org.springframework.extensions.webscripts.ScriptProcessorRegistry] [localhost-startStop-1] Registered script processor javascript for extension js
2015-12-17 15:45:02,626 INFO  [org.springframework.extensions.webscripts.TemplateProcessorRegistry] [localhost-startStop-1] Registered template processor freemarker for extension ftl
2015-12-17 15:45:02,628 INFO  [org.springframework.extensions.webscripts.ScriptProcessorRegistry] [localhost-startStop-1] Registered script processor javascript for extension js
2015-12-17 15:45:05,567 INFO  [org.springframework.extensions.webscripts.DeclarativeRegistry] [localhost-startStop-1] Registered 368 Web Scripts (+0 failed), 382 URLs
2015-12-17 15:45:05,567 INFO  [org.springframework.extensions.webscripts.DeclarativeRegistry] [localhost-startStop-1] Registered 8 Package Description Documents (+0 failed) 
2015-12-17 15:45:05,567 INFO  [org.springframework.extensions.webscripts.DeclarativeRegistry] [localhost-startStop-1] Registered 0 Schema Description Documents (+0 failed) 
2015-12-17 15:45:05,691 INFO  [org.springframework.extensions.webscripts.AbstractRuntimeContainer] [localhost-startStop-1] Initialised Spring Surf Container Web Script Container (in 3034.6606ms)
2015-12-17 15:45:05,694 INFO  [org.springframework.extensions.webscripts.TemplateProcessorRegistry] [localhost-startStop-1] Registered template processor freemarker for extension ftl
2015-12-17 15:45:05,695 INFO  [org.springframework.extensions.webscripts.ScriptProcessorRegistry] [localhost-startStop-1] Registered script processor javascript for extension js
2015-12-17 15:45:07,184 INFO  [org.alfresco.web.site.EditionInterceptor] [http-bio-8081-exec-8] Successfully retrieved license information from Alfresco.
2015-12-17 15:45:33,518 INFO  [org.alfresco.web.scripts.ImapServerStatus] [http-bio-8081-exec-7] Successfully retrieved IMAP server status from Alfresco: disabled
2015-12-17 15:45:44,232 INFO  [org.alfresco.web.scripts.DictionaryQuery] [http-bio-8081-exec-2] Successfully retrieved Data Dictionary from Alfresco.
2015-12-17 15:46:15,577 INFO  [org.springframework.extensions.webscripts.DeclarativeRegistry] [http-bio-8081-exec-11] Registered 368 Web Scripts (+0 failed), 382 URLs
2015-12-17 15:46:15,578 INFO  [org.springframework.extensions.webscripts.DeclarativeRegistry] [http-bio-8081-exec-11] Registered 8 Package Description Documents (+0 failed) 
2015-12-17 15:46:15,578 INFO  [org.springframework.extensions.webscripts.DeclarativeRegistry] [http-bio-8081-exec-11] Registered 0 Schema Description Documents (+0 failed) 
2015-12-17 15:46:15,811 INFO  [org.springframework.extensions.webscripts.AbstractRuntimeContainer] [http-bio-8081-exec-11] Initialised Spring Surf Container Web Script Container (in 4341.8833ms)
2015-12-17 15:46:16,106 ERROR [freemarker.runtime] [http-bio-8081-exec-9] Error executing FreeMarker template
FreeMarker template error:
Can't convert boolean to string automatically, because the "boolean_format" setting was "true,false", which is the legacy default computer-language format, and hence isn't accepted.

Tip: If you just want "true"/"false" result as you are generting computer-language output, use "?c", like ${myBool?c}.
Tip: You can write myBool?string('yes', 'no') and like to specify boolean formatting in place.
Tip: If you need the same two values on most places, the programmers should set the "boolean_format" setting to something like "yes,no".

The failing instruction (FTL stack trace):
----------
==> ${((config.scoped["CSRFPolicy"]["filt...  [in template "org/alfresco/components/head/resources.get.html.ftl" at line 61, column 19]
    @inlineScript group="template-common"  [in template "org/alfresco/components/head/resources.get.html.ftl" at line 40, column 4]
    @markup id="alfrescoConstants"  [in template "org/alfresco/components/head/resources.get.html.ftl" at line 39, column 1]
----------

Java stack trace (for programmers):
----------
freemarker.core._MiscTemplateException: [... Exception message was already printed; see it above ...]
	at freemarker.core.Configurable.formatBoolean(Configurable.java:438)
	at freemarker.core.EvalUtil.coerceModelToString(EvalUtil.java:396)
	at freemarker.core.Expression.evalAndCoerceToString(Expression.java:115)
	at freemarker.core.DollarVariable.accept(DollarVariable.java:76)
	at freemarker.core.Environment.visit(Environment.java:265)
	at freemarker.core.MixedContent.accept(MixedContent.java:93)
	at freemarker.core.Environment.visit(Environment.java:265)
	at freemarker.core.Environment$1.render(Environment.java:313)
	at org.springframework.extensions.directives.AddInlineJavaScriptDirective.createExtensibilityDirectiveData(AddInlineJavaScriptDirective.java:78)
	at org.springframework.extensions.surf.extensibility.impl.AbstractExtensibilityDirective.execute(AbstractExtensibilityDirective.java:133)
	at org.springframework.extensions.directives.JavaScriptDependencyDirective.execute(JavaScriptDependencyDirective.java:68)
	at freemarker.core.Environment.visit(Environment.java:341)
	at freemarker.core.UnifiedCall.accept(UnifiedCall.java:136)
	at freemarker.core.Environment.visit(Environment.java:265)
	at freemarker.core.Environment$1.render(Environment.java:313)
	at org.springframework.extensions.surf.extensibility.impl.DefaultExtensibilityDirectiveData.render(DefaultExtensibilityDirectiveData.java:119)
	at org.springframework.extensions.surf.extensibility.impl.ExtensibilityModelImpl.merge(ExtensibilityModelImpl.java:414)
	at org.springframework.extensions.surf.extensibility.impl.AbstractExtensibilityDirective.merge(AbstractExtensibilityDirective.java:169)
	at org.springframework.extensions.surf.extensibility.impl.AbstractExtensibilityDirective.execute(AbstractExtensibilityDirective.java:137)
	at freemarker.core.Environment.visit(Environment.java:341)
	at freemarker.core.UnifiedCall.accept(UnifiedCall.java:136)
	at freemarker.core.Environment.visit(Environment.java:265)
	at freemarker.core.MixedContent.accept(MixedContent.java:93)
	at freemarker.core.Environment.visit(Environment.java:265)
	at freemarker.core.Environment.process(Environment.java:243)
	at org.springframework.extensions.webscripts.processor.FTLTemplateProcessor.process(FTLTemplateProcessor.java:171)
	at org.springframework.extensions.webscripts.AbstractWebScript.renderTemplate(AbstractWebScript.java:934)
	at org.springframework.extensions.webscripts.DeclarativeWebScript.renderFormatTemplate(DeclarativeWebScript.java:267)
	at org.springframework.extensions.webscripts.DeclarativeWebScript.execute(DeclarativeWebScript.java:147)
	at org.springframework.extensions.webscripts.PresentationContainer.executeScript(PresentationContainer.java:70)
	at org.springframework.extensions.webscripts.LocalWebScriptRuntimeContainer.executeScript(LocalWebScriptRuntimeContainer.java:236)
	at org.springframework.extensions.webscripts.AbstractRuntime.executeScript(AbstractRuntime.java:378)
	at org.springframework.extensions.webscripts.AbstractRuntime.executeScript(AbstractRuntime.java:209)
	at org.springframework.extensions.webscripts.WebScriptProcessor.executeBody(WebScriptProcessor.java:310)
	at org.springframework.extensions.surf.render.AbstractProcessor.execute(AbstractProcessor.java:57)
	at org.springframework.extensions.surf.render.RenderService.process(RenderService.java:598)
	at org.springframework.extensions.surf.render.RenderService.renderSubComponent(RenderService.java:504)
	at org.springframework.extensions.surf.render.RenderService.processComponent(RenderService.java:418)
	at org.springframework.extensions.surf.render.RenderService.renderComponent(RenderService.java:941)
	at org.springframework.extensions.surf.render.RenderService.renderRegionComponents(RenderService.java:899)
	at org.springframework.extensions.surf.render.bean.RegionRenderer.body(RegionRenderer.java:89)
	at org.springframework.extensions.surf.render.AbstractRenderer.render(AbstractRenderer.java:77)
	at org.springframework.extensions.surf.render.RenderService.renderRegion(RenderService.java:850)
	at org.springframework.extensions.directives.RegionDirectiveData.render(RegionDirectiveData.java:91)
	at org.springframework.extensions.surf.extensibility.impl.ExtensibilityModelImpl.merge(ExtensibilityModelImpl.java:414)
	at org.springframework.extensions.surf.extensibility.impl.AbstractExtensibilityDirective.merge(AbstractExtensibilityDirective.java:169)
	at org.springframework.extensions.surf.extensibility.impl.AbstractExtensibilityDirective.execute(AbstractExtensibilityDirective.java:137)
	at freemarker.core.Environment.visit(Environment.java:341)
	at freemarker.core.UnifiedCall.accept(UnifiedCall.java:136)
	at freemarker.core.Environment.visit(Environment.java:265)
	at freemarker.core.MixedContent.accept(MixedContent.java:93)
	at freemarker.core.Environment.visit(Environment.java:265)
	at freemarker.core.Macro$Context.runMacro(Macro.java:209)
	at freemarker.core.Environment.visit(Environment.java:694)
	at freemarker.core.UnifiedCall.accept(UnifiedCall.java:116)
	at freemarker.core.Environment.visit(Environment.java:265)
	at freemarker.core.MixedContent.accept(MixedContent.java:93)
	at freemarker.core.Environment.visit(Environment.java:265)
	at freemarker.core.Environment.process(Environment.java:243)
	at org.springframework.extensions.webscripts.processor.FTLTemplateProcessor.process(FTLTemplateProcessor.java:171)
	at org.springframework.extensions.webscripts.WebTemplateProcessor.executeBody(WebTemplateProcessor.java:438)
	at org.springframework.extensions.surf.render.AbstractProcessor.execute(AbstractProcessor.java:57)
	at org.springframework.extensions.surf.render.RenderService.processTemplate(RenderService.java:720)
	at org.springframework.extensions.surf.render.bean.TemplateInstanceRenderer.body(TemplateInstanceRenderer.java:140)
	at org.springframework.extensions.surf.render.AbstractRenderer.render(AbstractRenderer.java:77)
	at org.springframework.extensions.surf.render.bean.PageRenderer.body(PageRenderer.java:85)
	at org.springframework.extensions.surf.render.AbstractRenderer.render(AbstractRenderer.java:77)
	at org.springframework.extensions.surf.render.RenderService.renderPage(RenderService.java:761)
	at org.springframework.extensions.surf.mvc.PageView.dispatchPage(PageView.java:411)
	at org.alfresco.web.site.SlingshotPageView.dispatchPage(SlingshotPageView.java)
	at org.springframework.extensions.surf.mvc.PageView.renderView(PageView.java:306)
	at org.alfresco.web.site.SlingshotPageView.renderView(SlingshotPageView.java)
	at org.springframework.extensions.surf.mvc.AbstractWebFrameworkView.renderMergedOutputModel(AbstractWebFrameworkView.java:316)
	at org.alfresco.web.site.SlingshotPageView.renderMergedOutputModel(SlingshotPageView.java)
	at org.springframework.web.servlet.view.AbstractView.render(AbstractView.java:264)
	at org.alfresco.web.site.SlingshotPageView.render(SlingshotPageView.java)
	at org.springframework.web.servlet.DispatcherServlet.render(DispatcherServlet.java:1201)
	at org.springframework.web.servlet.DispatcherServlet.processDispatchResult(DispatcherServlet.java:986)
	at org.springframework.web.servlet.DispatcherServlet.doDispatch(DispatcherServlet.java:933)
	at org.springframework.web.servlet.DispatcherServlet.doService(DispatcherServlet.java:851)
	at org.springframework.web.servlet.FrameworkServlet.processRequest(FrameworkServlet.java:953)
	at org.springframework.web.servlet.FrameworkServlet.doGet(FrameworkServlet.java:844)
	at javax.servlet.http.HttpServlet.service(HttpServlet.java:621)
	at org.springframework.web.servlet.FrameworkServlet.service(FrameworkServlet.java:829)
	at javax.servlet.http.HttpServlet.service(HttpServlet.java:728)
	at org.apache.catalina.core.ApplicationFilterChain.internalDoFilter(ApplicationFilterChain.java:305)
	at org.apache.catalina.core.ApplicationFilterChain.doFilter(ApplicationFilterChain.java:210)
	at org.apache.tomcat.websocket.server.WsFilter.doFilter(WsFilter.java:51)
	at org.apache.catalina.core.ApplicationFilterChain.internalDoFilter(ApplicationFilterChain.java:243)
	at org.apache.catalina.core.ApplicationFilterChain.doFilter(ApplicationFilterChain.java:210)
	at org.tuckey.web.filters.urlrewrite.RuleChain.handleRewrite(RuleChain.java:176)
	at org.tuckey.web.filters.urlrewrite.RuleChain.doRules(RuleChain.java:145)
	at org.tuckey.web.filters.urlrewrite.UrlRewriter.processRequest(UrlRewriter.java:92)
	at org.tuckey.web.filters.urlrewrite.UrlRewriteFilter.doFilter(UrlRewriteFilter.java:389)
	at org.apache.catalina.core.ApplicationFilterChain.internalDoFilter(ApplicationFilterChain.java:243)
	at org.apache.catalina.core.ApplicationFilterChain.doFilter(ApplicationFilterChain.java:210)
	at org.alfresco.web.site.servlet.SecurityHeadersFilter.doFilter(SecurityHeadersFilter.java:168)
	at org.apache.catalina.core.ApplicationFilterChain.internalDoFilter(ApplicationFilterChain.java:243)
	at org.apache.catalina.core.ApplicationFilterChain.doFilter(ApplicationFilterChain.java:210)
	at org.alfresco.web.site.servlet.CSRFFilter.doFilter(CSRFFilter.java:315)
	at org.apache.catalina.core.ApplicationFilterChain.internalDoFilter(ApplicationFilterChain.java:243)
	at org.apache.catalina.core.ApplicationFilterChain.doFilter(ApplicationFilterChain.java:210)
	at org.alfresco.web.site.servlet.SSOAuthenticationFilter.doFilter(SSOAuthenticationFilter.java:447)
	at org.apache.catalina.core.ApplicationFilterChain.internalDoFilter(ApplicationFilterChain.java:243)
	at org.apache.catalina.core.ApplicationFilterChain.doFilter(ApplicationFilterChain.java:210)
	at org.alfresco.web.site.servlet.MTAuthenticationFilter.doFilter(MTAuthenticationFilter.java:74)
	at org.apache.catalina.core.ApplicationFilterChain.internalDoFilter(ApplicationFilterChain.java:243)
	at org.apache.catalina.core.ApplicationFilterChain.doFilter(ApplicationFilterChain.java:210)
	at org.apache.catalina.core.StandardWrapperValve.invoke(StandardWrapperValve.java:222)
	at org.apache.catalina.core.StandardContextValve.invoke(StandardContextValve.java:123)
	at org.apache.catalina.authenticator.AuthenticatorBase.invoke(AuthenticatorBase.java:502)
	at org.apache.catalina.core.StandardHostValve.invoke(StandardHostValve.java:171)
	at org.apache.catalina.valves.ErrorReportValve.invoke(ErrorReportValve.java:100)
	at org.apache.catalina.valves.AccessLogValve.invoke(AccessLogValve.java:953)
	at org.apache.catalina.core.StandardEngineValve.invoke(StandardEngineValve.java:118)
	at org.apache.catalina.connector.CoyoteAdapter.service(CoyoteAdapter.java:408)
	at org.apache.coyote.http11.AbstractHttp11Processor.process(AbstractHttp11Processor.java:1041)
	at org.apache.coyote.AbstractProtocol$AbstractConnectionHandler.process(AbstractProtocol.java:603)
	at org.apache.tomcat.util.net.JIoEndpoint$SocketProcessor.run(JIoEndpoint.java:312)
	at java.util.concurrent.ThreadPoolExecutor.runWorker(ThreadPoolExecutor.java:1142)
	at java.util.concurrent.ThreadPoolExecutor$Worker.run(ThreadPoolExecutor.java:617)
	at java.lang.Thread.run(Thread.java:745)
2015-12-17 15:46:16,123 ERROR [org.springframework.extensions.webscripts.AbstractRuntime] [http-bio-8081-exec-9] Exception from executeScript - redirecting to status template error: 11170000 Failed to process template org/alfresco/components/head/resources.get.html.ftl
org.springframework.extensions.webscripts.WebScriptException: 11170000 Failed to process template org/alfresco/components/head/resources.get.html.ftl
	at org.springframework.extensions.webscripts.processor.FTLTemplateProcessor.process(FTLTemplateProcessor.java:175)
	at org.springframework.extensions.webscripts.AbstractWebScript.renderTemplate(AbstractWebScript.java:934)
	at org.springframework.extensions.webscripts.DeclarativeWebScript.renderFormatTemplate(DeclarativeWebScript.java:267)
	at org.springframework.extensions.webscripts.DeclarativeWebScript.execute(DeclarativeWebScript.java:147)
	at org.springframework.extensions.webscripts.PresentationContainer.executeScript(PresentationContainer.java:70)
	at org.springframework.extensions.webscripts.LocalWebScriptRuntimeContainer.executeScript(LocalWebScriptRuntimeContainer.java:236)
	at org.springframework.extensions.webscripts.AbstractRuntime.executeScript(AbstractRuntime.java:378)
	at org.springframework.extensions.webscripts.AbstractRuntime.executeScript(AbstractRuntime.java:209)
	at org.springframework.extensions.webscripts.WebScriptProcessor.executeBody(WebScriptProcessor.java:310)
	at org.springframework.extensions.surf.render.AbstractProcessor.execute(AbstractProcessor.java:57)
	at org.springframework.extensions.surf.render.RenderService.process(RenderService.java:598)
	at org.springframework.extensions.surf.render.RenderService.renderSubComponent(RenderService.java:504)
	at org.springframework.extensions.surf.render.RenderService.processComponent(RenderService.java:418)
	at org.springframework.extensions.surf.render.RenderService.renderComponent(RenderService.java:941)
	at org.springframework.extensions.surf.render.RenderService.renderRegionComponents(RenderService.java:899)
	at org.springframework.extensions.surf.render.bean.RegionRenderer.body(RegionRenderer.java:89)
	at org.springframework.extensions.surf.render.AbstractRenderer.render(AbstractRenderer.java:77)
	at org.springframework.extensions.surf.render.RenderService.renderRegion(RenderService.java:850)
	at org.springframework.extensions.directives.RegionDirectiveData.render(RegionDirectiveData.java:91)
	at org.springframework.extensions.surf.extensibility.impl.ExtensibilityModelImpl.merge(ExtensibilityModelImpl.java:414)
	at org.springframework.extensions.surf.extensibility.impl.AbstractExtensibilityDirective.merge(AbstractExtensibilityDirective.java:169)
	at org.springframework.extensions.surf.extensibility.impl.AbstractExtensibilityDirective.execute(AbstractExtensibilityDirective.java:137)
	at freemarker.core.Environment.visit(Environment.java:341)
	at freemarker.core.UnifiedCall.accept(UnifiedCall.java:136)
	at freemarker.core.Environment.visit(Environment.java:265)
	at freemarker.core.MixedContent.accept(MixedContent.java:93)
	at freemarker.core.Environment.visit(Environment.java:265)
	at freemarker.core.Macro$Context.runMacro(Macro.java:209)
	at freemarker.core.Environment.visit(Environment.java:694)
	at freemarker.core.UnifiedCall.accept(UnifiedCall.java:116)
	at freemarker.core.Environment.visit(Environment.java:265)
	at freemarker.core.MixedContent.accept(MixedContent.java:93)
	at freemarker.core.Environment.visit(Environment.java:265)
	at freemarker.core.Environment.process(Environment.java:243)
	at org.springframework.extensions.webscripts.processor.FTLTemplateProcessor.process(FTLTemplateProcessor.java:171)
	at org.springframework.extensions.webscripts.WebTemplateProcessor.executeBody(WebTemplateProcessor.java:438)
	at org.springframework.extensions.surf.render.AbstractProcessor.execute(AbstractProcessor.java:57)
	at org.springframework.extensions.surf.render.RenderService.processTemplate(RenderService.java:720)
	at org.springframework.extensions.surf.render.bean.TemplateInstanceRenderer.body(TemplateInstanceRenderer.java:140)
	at org.springframework.extensions.surf.render.AbstractRenderer.render(AbstractRenderer.java:77)
	at org.springframework.extensions.surf.render.bean.PageRenderer.body(PageRenderer.java:85)
	at org.springframework.extensions.surf.render.AbstractRenderer.render(AbstractRenderer.java:77)
	at org.springframework.extensions.surf.render.RenderService.renderPage(RenderService.java:761)
	at org.springframework.extensions.surf.mvc.PageView.dispatchPage(PageView.java:411)
	at org.alfresco.web.site.SlingshotPageView.dispatchPage(SlingshotPageView.java)
	at org.springframework.extensions.surf.mvc.PageView.renderView(PageView.java:306)
	at org.alfresco.web.site.SlingshotPageView.renderView(SlingshotPageView.java)
	at org.springframework.extensions.surf.mvc.AbstractWebFrameworkView.renderMergedOutputModel(AbstractWebFrameworkView.java:316)
	at org.alfresco.web.site.SlingshotPageView.renderMergedOutputModel(SlingshotPageView.java)
	at org.springframework.web.servlet.view.AbstractView.render(AbstractView.java:264)
	at org.alfresco.web.site.SlingshotPageView.render(SlingshotPageView.java)
	at org.springframework.web.servlet.DispatcherServlet.render(DispatcherServlet.java:1201)
	at org.springframework.web.servlet.DispatcherServlet.processDispatchResult(DispatcherServlet.java:986)
	at org.springframework.web.servlet.DispatcherServlet.doDispatch(DispatcherServlet.java:933)
	at org.springframework.web.servlet.DispatcherServlet.doService(DispatcherServlet.java:851)
	at org.springframework.web.servlet.FrameworkServlet.processRequest(FrameworkServlet.java:953)
	at org.springframework.web.servlet.FrameworkServlet.doGet(FrameworkServlet.java:844)
	at javax.servlet.http.HttpServlet.service(HttpServlet.java:621)
	at org.springframework.web.servlet.FrameworkServlet.service(FrameworkServlet.java:829)
	at javax.servlet.http.HttpServlet.service(HttpServlet.java:728)
	at org.apache.catalina.core.ApplicationFilterChain.internalDoFilter(ApplicationFilterChain.java:305)
	at org.apache.catalina.core.ApplicationFilterChain.doFilter(ApplicationFilterChain.java:210)
	at org.apache.tomcat.websocket.server.WsFilter.doFilter(WsFilter.java:51)
	at org.apache.catalina.core.ApplicationFilterChain.internalDoFilter(ApplicationFilterChain.java:243)
	at org.apache.catalina.core.ApplicationFilterChain.doFilter(ApplicationFilterChain.java:210)
	at org.tuckey.web.filters.urlrewrite.RuleChain.handleRewrite(RuleChain.java:176)
	at org.tuckey.web.filters.urlrewrite.RuleChain.doRules(RuleChain.java:145)
	at org.tuckey.web.filters.urlrewrite.UrlRewriter.processRequest(UrlRewriter.java:92)
	at org.tuckey.web.filters.urlrewrite.UrlRewriteFilter.doFilter(UrlRewriteFilter.java:389)
	at org.apache.catalina.core.ApplicationFilterChain.internalDoFilter(ApplicationFilterChain.java:243)
	at org.apache.catalina.core.ApplicationFilterChain.doFilter(ApplicationFilterChain.java:210)
	at org.alfresco.web.site.servlet.SecurityHeadersFilter.doFilter(SecurityHeadersFilter.java:168)
	at org.apache.catalina.core.ApplicationFilterChain.internalDoFilter(ApplicationFilterChain.java:243)
	at org.apache.catalina.core.ApplicationFilterChain.doFilter(ApplicationFilterChain.java:210)
	at org.alfresco.web.site.servlet.CSRFFilter.doFilter(CSRFFilter.java:315)
	at org.apache.catalina.core.ApplicationFilterChain.internalDoFilter(ApplicationFilterChain.java:243)
	at org.apache.catalina.core.ApplicationFilterChain.doFilter(ApplicationFilterChain.java:210)
	at org.alfresco.web.site.servlet.SSOAuthenticationFilter.doFilter(SSOAuthenticationFilter.java:447)
	at org.apache.catalina.core.ApplicationFilterChain.internalDoFilter(ApplicationFilterChain.java:243)
	at org.apache.catalina.core.ApplicationFilterChain.doFilter(ApplicationFilterChain.java:210)
	at org.alfresco.web.site.servlet.MTAuthenticationFilter.doFilter(MTAuthenticationFilter.java:74)
	at org.apache.catalina.core.ApplicationFilterChain.internalDoFilter(ApplicationFilterChain.java:243)
	at org.apache.catalina.core.ApplicationFilterChain.doFilter(ApplicationFilterChain.java:210)
	at org.apache.catalina.core.StandardWrapperValve.invoke(StandardWrapperValve.java:222)
	at org.apache.catalina.core.StandardContextValve.invoke(StandardContextValve.java:123)
	at org.apache.catalina.authenticator.AuthenticatorBase.invoke(AuthenticatorBase.java:502)
	at org.apache.catalina.core.StandardHostValve.invoke(StandardHostValve.java:171)
	at org.apache.catalina.valves.ErrorReportValve.invoke(ErrorReportValve.java:100)
	at org.apache.catalina.valves.AccessLogValve.invoke(AccessLogValve.java:953)
	at org.apache.catalina.core.StandardEngineValve.invoke(StandardEngineValve.java:118)
	at org.apache.catalina.connector.CoyoteAdapter.service(CoyoteAdapter.java:408)
	at org.apache.coyote.http11.AbstractHttp11Processor.process(AbstractHttp11Processor.java:1041)
	at org.apache.coyote.AbstractProtocol$AbstractConnectionHandler.process(AbstractProtocol.java:603)
	at org.apache.tomcat.util.net.JIoEndpoint$SocketProcessor.run(JIoEndpoint.java:312)
	at java.util.concurrent.ThreadPoolExecutor.runWorker(ThreadPoolExecutor.java:1142)
	at java.util.concurrent.ThreadPoolExecutor$Worker.run(ThreadPoolExecutor.java:617)
	at java.lang.Thread.run(Thread.java:745)
Caused by: freemarker.core._MiscTemplateException: Can't convert boolean to string automatically, because the "boolean_format" setting was "true,false", which is the legacy default computer-language format, and hence isn't accepted.

Tip: If you just want "true"/"false" result as you are generting computer-language output, use "?c", like ${myBool?c}.
Tip: You can write myBool?string('yes', 'no') and like to specify boolean formatting in place.
Tip: If you need the same two values on most places, the programmers should set the "boolean_format" setting to something like "yes,no".

The failing instruction (print stack trace for 2 more):
==> ${((config.scoped["CSRFPolicy"]["filt...  [in template "org/alfresco/components/head/resources.get.html.ftl" at line 61, column 19]
	at freemarker.core.Configurable.formatBoolean(Configurable.java:438)
	at freemarker.core.EvalUtil.coerceModelToString(EvalUtil.java:396)
	at freemarker.core.Expression.evalAndCoerceToString(Expression.java:115)
	at freemarker.core.DollarVariable.accept(DollarVariable.java:76)
	at freemarker.core.Environment.visit(Environment.java:265)
	at freemarker.core.MixedContent.accept(MixedContent.java:93)
	at freemarker.core.Environment.visit(Environment.java:265)
	at freemarker.core.Environment$1.render(Environment.java:313)
	at org.springframework.extensions.directives.AddInlineJavaScriptDirective.createExtensibilityDirectiveData(AddInlineJavaScriptDirective.java:78)
	at org.springframework.extensions.surf.extensibility.impl.AbstractExtensibilityDirective.execute(AbstractExtensibilityDirective.java:133)
	at org.springframework.extensions.directives.JavaScriptDependencyDirective.execute(JavaScriptDependencyDirective.java:68)
	at freemarker.core.Environment.visit(Environment.java:341)
	at freemarker.core.UnifiedCall.accept(UnifiedCall.java:136)
	at freemarker.core.Environment.visit(Environment.java:265)
	at freemarker.core.Environment$1.render(Environment.java:313)
	at org.springframework.extensions.surf.extensibility.impl.DefaultExtensibilityDirectiveData.render(DefaultExtensibilityDirectiveData.java:119)
	at org.springframework.extensions.surf.extensibility.impl.ExtensibilityModelImpl.merge(ExtensibilityModelImpl.java:414)
	at org.springframework.extensions.surf.extensibility.impl.AbstractExtensibilityDirective.merge(AbstractExtensibilityDirective.java:169)
	at org.springframework.extensions.surf.extensibility.impl.AbstractExtensibilityDirective.execute(AbstractExtensibilityDirective.java:137)
	at freemarker.core.Environment.visit(Environment.java:341)
	at freemarker.core.UnifiedCall.accept(UnifiedCall.java:136)
	at freemarker.core.Environment.visit(Environment.java:265)
	at freemarker.core.MixedContent.accept(MixedContent.java:93)
	at freemarker.core.Environment.visit(Environment.java:265)
	at freemarker.core.Environment.process(Environment.java:243)
	at org.springframework.extensions.webscripts.processor.FTLTemplateProcessor.process(FTLTemplateProcessor.java:171)
	... 96 more
2015-12-17 15:46:18,696 ERROR [org.springframework.extensions.webscripts.AbstractRuntime] [http-bio-8081-exec-9] Exception from executeScript - redirecting to status template error: 11170002 Failed to execute script 'classpath*:alfresco/site-webscripts/org/alfresco/components/folder-details/folder-actions.get.js': 11170001 TypeError: Cannot read property "value" from null (file:/Users/angelborroy/wkrspc/github/keensoft/mimetype-blocker-share/target/mimetype-blocker-share-war/WEB-INF/classes/alfresco/site-webscripts/org/alfresco/components/folder-details/folder-actions.get.js#32)
org.springframework.extensions.webscripts.WebScriptException: 11170002 Failed to execute script 'classpath*:alfresco/site-webscripts/org/alfresco/components/folder-details/folder-actions.get.js': 11170001 TypeError: Cannot read property "value" from null (file:/Users/angelborroy/wkrspc/github/keensoft/mimetype-blocker-share/target/mimetype-blocker-share-war/WEB-INF/classes/alfresco/site-webscripts/org/alfresco/components/folder-details/folder-actions.get.js#32)
	at org.springframework.extensions.webscripts.processor.JSScriptProcessor.executeScript(JSScriptProcessor.java:200)
	at org.springframework.extensions.webscripts.AbstractWebScript.executeScript(AbstractWebScript.java:1364)
	at org.springframework.extensions.webscripts.DeclarativeWebScript.execute(DeclarativeWebScript.java:86)
	at org.springframework.extensions.webscripts.PresentationContainer.executeScript(PresentationContainer.java:70)
	at org.springframework.extensions.webscripts.LocalWebScriptRuntimeContainer.executeScript(LocalWebScriptRuntimeContainer.java:236)
	at org.springframework.extensions.webscripts.AbstractRuntime.executeScript(AbstractRuntime.java:378)
	at org.springframework.extensions.webscripts.AbstractRuntime.executeScript(AbstractRuntime.java:209)
	at org.springframework.extensions.webscripts.WebScriptProcessor.executeBody(WebScriptProcessor.java:310)
	at org.springframework.extensions.surf.render.AbstractProcessor.execute(AbstractProcessor.java:57)
	at org.springframework.extensions.surf.render.RenderService.process(RenderService.java:598)
	at org.springframework.extensions.surf.render.RenderService.renderSubComponent(RenderService.java:504)
	at org.springframework.extensions.surf.render.RenderService.renderChromeInclude(RenderService.java:1283)
	at org.springframework.extensions.directives.ChromeIncludeFreeMarkerDirective.execute(ChromeIncludeFreeMarkerDirective.java:81)
	at freemarker.core.Environment.visit(Environment.java:341)
	at freemarker.core.UnifiedCall.accept(UnifiedCall.java:136)
	at freemarker.core.Environment.visit(Environment.java:265)
	at freemarker.core.MixedContent.accept(MixedContent.java:93)
	at freemarker.core.Environment.visit(Environment.java:265)
	at freemarker.core.IfBlock.accept(IfBlock.java:84)
	at freemarker.core.Environment.visit(Environment.java:265)
	at freemarker.core.MixedContent.accept(MixedContent.java:93)
	at freemarker.core.Environment.visit(Environment.java:265)
	at freemarker.core.Environment.process(Environment.java:243)
	at org.springframework.extensions.webscripts.processor.FTLTemplateProcessor.process(FTLTemplateProcessor.java:171)
	at org.springframework.extensions.webscripts.WebTemplateProcessor.executeBody(WebTemplateProcessor.java:438)
	at org.springframework.extensions.surf.render.AbstractProcessor.execute(AbstractProcessor.java:57)
	at org.springframework.extensions.surf.render.RenderService.processRenderable(RenderService.java:203)
	at org.springframework.extensions.surf.render.bean.ChromeRenderer.body(ChromeRenderer.java:95)
	at org.springframework.extensions.surf.render.AbstractRenderer.render(AbstractRenderer.java:77)
	at org.springframework.extensions.surf.render.bean.ChromeRenderer.render(ChromeRenderer.java:86)
	at org.springframework.extensions.surf.render.RenderService.processComponent(RenderService.java:431)
	at org.springframework.extensions.surf.render.bean.ComponentRenderer.body(ComponentRenderer.java:94)
	at org.springframework.extensions.surf.render.AbstractRenderer.render(AbstractRenderer.java:77)
	at org.springframework.extensions.surf.render.RenderService.renderComponent(RenderService.java:960)
	at org.springframework.extensions.surf.render.RenderService.renderRegionComponents(RenderService.java:899)
	at org.springframework.extensions.surf.render.RenderService.renderChromeInclude(RenderService.java:1262)
	at org.springframework.extensions.directives.ChromeIncludeFreeMarkerDirective.execute(ChromeIncludeFreeMarkerDirective.java:81)
	at freemarker.core.Environment.visit(Environment.java:341)
	at freemarker.core.UnifiedCall.accept(UnifiedCall.java:136)
	at freemarker.core.Environment.visit(Environment.java:265)
	at freemarker.core.MixedContent.accept(MixedContent.java:93)
	at freemarker.core.Environment.visit(Environment.java:265)
	at freemarker.core.Environment.process(Environment.java:243)
	at org.springframework.extensions.webscripts.processor.FTLTemplateProcessor.process(FTLTemplateProcessor.java:171)
	at org.springframework.extensions.webscripts.WebTemplateProcessor.executeBody(WebTemplateProcessor.java:438)
	at org.springframework.extensions.surf.render.AbstractProcessor.execute(AbstractProcessor.java:57)
	at org.springframework.extensions.surf.render.RenderService.processRenderable(RenderService.java:203)
	at org.springframework.extensions.surf.render.bean.ChromeRenderer.body(ChromeRenderer.java:95)
	at org.springframework.extensions.surf.render.AbstractRenderer.render(AbstractRenderer.java:77)
	at org.springframework.extensions.surf.render.bean.ChromeRenderer.render(ChromeRenderer.java:86)
	at org.springframework.extensions.surf.render.bean.RegionRenderer.body(RegionRenderer.java:99)
	at org.springframework.extensions.surf.render.AbstractRenderer.render(AbstractRenderer.java:77)
	at org.springframework.extensions.surf.render.RenderService.renderRegion(RenderService.java:850)
	at org.springframework.extensions.directives.RegionDirectiveData.render(RegionDirectiveData.java:91)
	at org.springframework.extensions.surf.extensibility.impl.ExtensibilityModelImpl.merge(ExtensibilityModelImpl.java:414)
	at org.springframework.extensions.surf.extensibility.impl.AbstractExtensibilityDirective.merge(AbstractExtensibilityDirective.java:169)
	at org.springframework.extensions.surf.extensibility.impl.AbstractExtensibilityDirective.execute(AbstractExtensibilityDirective.java:137)
	at freemarker.core.Environment.visit(Environment.java:341)
	at freemarker.core.UnifiedCall.accept(UnifiedCall.java:136)
	at freemarker.core.Environment.visit(Environment.java:265)
	at freemarker.core.MixedContent.accept(MixedContent.java:93)
	at freemarker.core.Environment.visit(Environment.java:265)
	at freemarker.core.Environment$1.render(Environment.java:313)
	at org.springframework.extensions.surf.extensibility.impl.DefaultExtensibilityDirectiveData.render(DefaultExtensibilityDirectiveData.java:119)
	at org.springframework.extensions.surf.extensibility.impl.ExtensibilityModelImpl.merge(ExtensibilityModelImpl.java:414)
	at org.springframework.extensions.surf.extensibility.impl.AbstractExtensibilityDirective.merge(AbstractExtensibilityDirective.java:169)
	at org.springframework.extensions.surf.extensibility.impl.AbstractExtensibilityDirective.execute(AbstractExtensibilityDirective.java:137)
	at freemarker.core.Environment.visit(Environment.java:341)
	at freemarker.core.UnifiedCall.accept(UnifiedCall.java:136)
	at freemarker.core.Environment.visit(Environment.java:265)
	at freemarker.core.MixedContent.accept(MixedContent.java:93)
	at freemarker.core.Environment.visit(Environment.java:265)
	at freemarker.core.Environment.visit(Environment.java:487)
	at freemarker.core.BodyInstruction.accept(BodyInstruction.java:93)
	at freemarker.core.Environment.visit(Environment.java:265)
	at freemarker.core.MixedContent.accept(MixedContent.java:93)
	at freemarker.core.Environment.visit(Environment.java:265)
	at freemarker.core.Macro$Context.runMacro(Macro.java:209)
	at freemarker.core.Environment.visit(Environment.java:694)
	at freemarker.core.UnifiedCall.accept(UnifiedCall.java:116)
	at freemarker.core.Environment.visit(Environment.java:265)
	at freemarker.core.MixedContent.accept(MixedContent.java:93)
	at freemarker.core.Environment.visit(Environment.java:265)
	at freemarker.core.Environment.process(Environment.java:243)
	at org.springframework.extensions.webscripts.processor.FTLTemplateProcessor.process(FTLTemplateProcessor.java:171)
	at org.springframework.extensions.webscripts.WebTemplateProcessor.executeBody(WebTemplateProcessor.java:438)
	at org.springframework.extensions.surf.render.AbstractProcessor.execute(AbstractProcessor.java:57)
	at org.springframework.extensions.surf.render.RenderService.processTemplate(RenderService.java:720)
	at org.springframework.extensions.surf.render.bean.TemplateInstanceRenderer.body(TemplateInstanceRenderer.java:140)
	at org.springframework.extensions.surf.render.AbstractRenderer.render(AbstractRenderer.java:77)
	at org.springframework.extensions.surf.render.bean.PageRenderer.body(PageRenderer.java:85)
	at org.springframework.extensions.surf.render.AbstractRenderer.render(AbstractRenderer.java:77)
	at org.springframework.extensions.surf.render.RenderService.renderPage(RenderService.java:761)
	at org.springframework.extensions.surf.mvc.PageView.dispatchPage(PageView.java:411)
	at org.alfresco.web.site.SlingshotPageView.dispatchPage(SlingshotPageView.java)
	at org.springframework.extensions.surf.mvc.PageView.renderView(PageView.java:306)
	at org.alfresco.web.site.SlingshotPageView.renderView(SlingshotPageView.java)
	at org.springframework.extensions.surf.mvc.AbstractWebFrameworkView.renderMergedOutputModel(AbstractWebFrameworkView.java:316)
	at org.alfresco.web.site.SlingshotPageView.renderMergedOutputModel(SlingshotPageView.java)
	at org.springframework.web.servlet.view.AbstractView.render(AbstractView.java:264)
	at org.alfresco.web.site.SlingshotPageView.render(SlingshotPageView.java)
	at org.springframework.web.servlet.DispatcherServlet.render(DispatcherServlet.java:1201)
	at org.springframework.web.servlet.DispatcherServlet.processDispatchResult(DispatcherServlet.java:986)
	at org.springframework.web.servlet.DispatcherServlet.doDispatch(DispatcherServlet.java:933)
	at org.springframework.web.servlet.DispatcherServlet.doService(DispatcherServlet.java:851)
	at org.springframework.web.servlet.FrameworkServlet.processRequest(FrameworkServlet.java:953)
	at org.springframework.web.servlet.FrameworkServlet.doGet(FrameworkServlet.java:844)
	at javax.servlet.http.HttpServlet.service(HttpServlet.java:621)
	at org.springframework.web.servlet.FrameworkServlet.service(FrameworkServlet.java:829)
	at javax.servlet.http.HttpServlet.service(HttpServlet.java:728)
	at org.apache.catalina.core.ApplicationFilterChain.internalDoFilter(ApplicationFilterChain.java:305)
	at org.apache.catalina.core.ApplicationFilterChain.doFilter(ApplicationFilterChain.java:210)
	at org.apache.tomcat.websocket.server.WsFilter.doFilter(WsFilter.java:51)
	at org.apache.catalina.core.ApplicationFilterChain.internalDoFilter(ApplicationFilterChain.java:243)
	at org.apache.catalina.core.ApplicationFilterChain.doFilter(ApplicationFilterChain.java:210)
	at org.tuckey.web.filters.urlrewrite.RuleChain.handleRewrite(RuleChain.java:176)
	at org.tuckey.web.filters.urlrewrite.RuleChain.doRules(RuleChain.java:145)
	at org.tuckey.web.filters.urlrewrite.UrlRewriter.processRequest(UrlRewriter.java:92)
	at org.tuckey.web.filters.urlrewrite.UrlRewriteFilter.doFilter(UrlRewriteFilter.java:389)
	at org.apache.catalina.core.ApplicationFilterChain.internalDoFilter(ApplicationFilterChain.java:243)
	at org.apache.catalina.core.ApplicationFilterChain.doFilter(ApplicationFilterChain.java:210)
	at org.alfresco.web.site.servlet.SecurityHeadersFilter.doFilter(SecurityHeadersFilter.java:168)
	at org.apache.catalina.core.ApplicationFilterChain.internalDoFilter(ApplicationFilterChain.java:243)
	at org.apache.catalina.core.ApplicationFilterChain.doFilter(ApplicationFilterChain.java:210)
	at org.alfresco.web.site.servlet.CSRFFilter.doFilter(CSRFFilter.java:315)
	at org.apache.catalina.core.ApplicationFilterChain.internalDoFilter(ApplicationFilterChain.java:243)
	at org.apache.catalina.core.ApplicationFilterChain.doFilter(ApplicationFilterChain.java:210)
	at org.alfresco.web.site.servlet.SSOAuthenticationFilter.doFilter(SSOAuthenticationFilter.java:447)
	at org.apache.catalina.core.ApplicationFilterChain.internalDoFilter(ApplicationFilterChain.java:243)
	at org.apache.catalina.core.ApplicationFilterChain.doFilter(ApplicationFilterChain.java:210)
	at org.alfresco.web.site.servlet.MTAuthenticationFilter.doFilter(MTAuthenticationFilter.java:74)
	at org.apache.catalina.core.ApplicationFilterChain.internalDoFilter(ApplicationFilterChain.java:243)
	at org.apache.catalina.core.ApplicationFilterChain.doFilter(ApplicationFilterChain.java:210)
	at org.apache.catalina.core.StandardWrapperValve.invoke(StandardWrapperValve.java:222)
	at org.apache.catalina.core.StandardContextValve.invoke(StandardContextValve.java:123)
	at org.apache.catalina.authenticator.AuthenticatorBase.invoke(AuthenticatorBase.java:502)
	at org.apache.catalina.core.StandardHostValve.invoke(StandardHostValve.java:171)
	at org.apache.catalina.valves.ErrorReportValve.invoke(ErrorReportValve.java:100)
	at org.apache.catalina.valves.AccessLogValve.invoke(AccessLogValve.java:953)
	at org.apache.catalina.core.StandardEngineValve.invoke(StandardEngineValve.java:118)
	at org.apache.catalina.connector.CoyoteAdapter.service(CoyoteAdapter.java:408)
	at org.apache.coyote.http11.AbstractHttp11Processor.process(AbstractHttp11Processor.java:1041)
	at org.apache.coyote.AbstractProtocol$AbstractConnectionHandler.process(AbstractProtocol.java:603)
	at org.apache.tomcat.util.net.JIoEndpoint$SocketProcessor.run(JIoEndpoint.java:312)
	at java.util.concurrent.ThreadPoolExecutor.runWorker(ThreadPoolExecutor.java:1142)
	at java.util.concurrent.ThreadPoolExecutor$Worker.run(ThreadPoolExecutor.java:617)
	at java.lang.Thread.run(Thread.java:745)
Caused by: org.springframework.extensions.webscripts.WebScriptException: 11170001 TypeError: Cannot read property "value" from null (file:/Users/angelborroy/wkrspc/github/keensoft/mimetype-blocker-share/target/mimetype-blocker-share-war/WEB-INF/classes/alfresco/site-webscripts/org/alfresco/components/folder-details/folder-actions.get.js#32)
	at org.springframework.extensions.webscripts.processor.JSScriptProcessor.executeScriptImpl(JSScriptProcessor.java:328)
	at org.springframework.extensions.webscripts.processor.JSScriptProcessor.executeScript(JSScriptProcessor.java:192)
	... 146 more
Caused by: org.mozilla.javascript.EcmaError: TypeError: Cannot read property "value" from null (file:/Users/angelborroy/wkrspc/github/keensoft/mimetype-blocker-share/target/mimetype-blocker-share-war/WEB-INF/classes/alfresco/site-webscripts/org/alfresco/components/folder-details/folder-actions.get.js#32)
	at org.mozilla.javascript.ScriptRuntime.constructError(ScriptRuntime.java:3687)
	at org.mozilla.javascript.ScriptRuntime.constructError(ScriptRuntime.java:3665)
	at org.mozilla.javascript.ScriptRuntime.typeError(ScriptRuntime.java:3693)
	at org.mozilla.javascript.ScriptRuntime.typeError2(ScriptRuntime.java:3712)
	at org.mozilla.javascript.ScriptRuntime.undefReadError(ScriptRuntime.java:3725)
	at org.mozilla.javascript.ScriptRuntime.getObjectProp(ScriptRuntime.java:1483)
	at org.mozilla.javascript.gen.file__Users_angelborroy_wkrspc_github_keensoft_mimetype_blocker_share_target_mimetype_blocker_share_war_WEB_INF_classes_alfresco_site_webscripts_org_alfresco_components_folder_details_folder_actions_get_js_32._c_calculateActionGroupId_2(file:/Users/angelborroy/wkrspc/github/keensoft/mimetype-blocker-share/target/mimetype-blocker-share-war/WEB-INF/classes/alfresco/site-webscripts/org/alfresco/components/folder-details/folder-actions.get.js:32)
	at org.mozilla.javascript.gen.file__Users_angelborroy_wkrspc_github_keensoft_mimetype_blocker_share_target_mimetype_blocker_share_war_WEB_INF_classes_alfresco_site_webscripts_org_alfresco_components_folder_details_folder_actions_get_js_32.call(file:/Users/angelborroy/wkrspc/github/keensoft/mimetype-blocker-share/target/mimetype-blocker-share-war/WEB-INF/classes/alfresco/site-webscripts/org/alfresco/components/folder-details/folder-actions.get.js)
	at org.mozilla.javascript.optimizer.OptRuntime.callN(OptRuntime.java:52)
	at org.mozilla.javascript.gen.file__Users_angelborroy_wkrspc_github_keensoft_mimetype_blocker_share_target_mimetype_blocker_share_war_WEB_INF_classes_alfresco_site_webscripts_org_alfresco_components_folder_details_folder_actions_get_js_32._c_processItem_6(file:/Users/angelborroy/wkrspc/github/keensoft/mimetype-blocker-share/target/mimetype-blocker-share-war/WEB-INF/classes/alfresco/site-webscripts/org/alfresco/components/folder-details/folder-actions.get.js:161)
	at org.mozilla.javascript.gen.file__Users_angelborroy_wkrspc_github_keensoft_mimetype_blocker_share_target_mimetype_blocker_share_war_WEB_INF_classes_alfresco_site_webscripts_org_alfresco_components_folder_details_folder_actions_get_js_32.call(file:/Users/angelborroy/wkrspc/github/keensoft/mimetype-blocker-share/target/mimetype-blocker-share-war/WEB-INF/classes/alfresco/site-webscripts/org/alfresco/components/folder-details/folder-actions.get.js)
	at org.mozilla.javascript.optimizer.OptRuntime.callName(OptRuntime.java:63)
	at org.mozilla.javascript.gen.file__Users_angelborroy_wkrspc_github_keensoft_mimetype_blocker_share_target_mimetype_blocker_share_war_WEB_INF_classes_alfresco_site_webscripts_org_alfresco_components_folder_details_folder_actions_get_js_32._c_processResult_4(file:/Users/angelborroy/wkrspc/github/keensoft/mimetype-blocker-share/target/mimetype-blocker-share-war/WEB-INF/classes/alfresco/site-webscripts/org/alfresco/components/folder-details/folder-actions.get.js:369)
	at org.mozilla.javascript.gen.file__Users_angelborroy_wkrspc_github_keensoft_mimetype_blocker_share_target_mimetype_blocker_share_war_WEB_INF_classes_alfresco_site_webscripts_org_alfresco_components_folder_details_folder_actions_get_js_32.call(file:/Users/angelborroy/wkrspc/github/keensoft/mimetype-blocker-share/target/mimetype-blocker-share-war/WEB-INF/classes/alfresco/site-webscripts/org/alfresco/components/folder-details/folder-actions.get.js)
	at org.mozilla.javascript.optimizer.OptRuntime.call2(OptRuntime.java:42)
	at org.mozilla.javascript.gen.file__Users_angelborroy_wkrspc_github_keensoft_mimetype_blocker_share_target_mimetype_blocker_share_war_WEB_INF_classes_alfresco_site_webscripts_org_alfresco_components_folder_details_folder_actions_get_js_32._c_processNodeDetails_35(file:/Users/angelborroy/wkrspc/github/keensoft/mimetype-blocker-share/target/mimetype-blocker-share-war/WEB-INF/classes/alfresco/site-webscripts/org/alfresco/components/folder-details/folder-actions.get.js:1132)
	at org.mozilla.javascript.gen.file__Users_angelborroy_wkrspc_github_keensoft_mimetype_blocker_share_target_mimetype_blocker_share_war_WEB_INF_classes_alfresco_site_webscripts_org_alfresco_components_folder_details_folder_actions_get_js_32.call(file:/Users/angelborroy/wkrspc/github/keensoft/mimetype-blocker-share/target/mimetype-blocker-share-war/WEB-INF/classes/alfresco/site-webscripts/org/alfresco/components/folder-details/folder-actions.get.js)
	at org.mozilla.javascript.optimizer.OptRuntime.callN(OptRuntime.java:52)
	at org.mozilla.javascript.gen.file__Users_angelborroy_wkrspc_github_keensoft_mimetype_blocker_share_target_mimetype_blocker_share_war_WEB_INF_classes_alfresco_site_webscripts_org_alfresco_components_folder_details_folder_actions_get_js_32._c_getNodeDetails_34(file:/Users/angelborroy/wkrspc/github/keensoft/mimetype-blocker-share/target/mimetype-blocker-share-war/WEB-INF/classes/alfresco/site-webscripts/org/alfresco/components/folder-details/folder-actions.get.js:1112)
	at org.mozilla.javascript.gen.file__Users_angelborroy_wkrspc_github_keensoft_mimetype_blocker_share_target_mimetype_blocker_share_war_WEB_INF_classes_alfresco_site_webscripts_org_alfresco_components_folder_details_folder_actions_get_js_32.call(file:/Users/angelborroy/wkrspc/github/keensoft/mimetype-blocker-share/target/mimetype-blocker-share-war/WEB-INF/classes/alfresco/site-webscripts/org/alfresco/components/folder-details/folder-actions.get.js)
	at org.mozilla.javascript.optimizer.OptRuntime.callN(OptRuntime.java:52)
	at org.mozilla.javascript.gen.file__Users_angelborroy_wkrspc_github_keensoft_mimetype_blocker_share_target_mimetype_blocker_share_war_WEB_INF_classes_alfresco_site_webscripts_org_alfresco_components_folder_details_folder_actions_get_js_32._c_main_59(file:/Users/angelborroy/wkrspc/github/keensoft/mimetype-blocker-share/target/mimetype-blocker-share-war/WEB-INF/classes/alfresco/site-webscripts/org/alfresco/components/folder-details/folder-actions.get.js:1936)
	at org.mozilla.javascript.gen.file__Users_angelborroy_wkrspc_github_keensoft_mimetype_blocker_share_target_mimetype_blocker_share_war_WEB_INF_classes_alfresco_site_webscripts_org_alfresco_components_folder_details_folder_actions_get_js_32.call(file:/Users/angelborroy/wkrspc/github/keensoft/mimetype-blocker-share/target/mimetype-blocker-share-war/WEB-INF/classes/alfresco/site-webscripts/org/alfresco/components/folder-details/folder-actions.get.js)
	at org.mozilla.javascript.optimizer.OptRuntime.callName0(OptRuntime.java:74)
	at org.mozilla.javascript.gen.file__Users_angelborroy_wkrspc_github_keensoft_mimetype_blocker_share_target_mimetype_blocker_share_war_WEB_INF_classes_alfresco_site_webscripts_org_alfresco_components_folder_details_folder_actions_get_js_32._c_script_0(file:/Users/angelborroy/wkrspc/github/keensoft/mimetype-blocker-share/target/mimetype-blocker-share-war/WEB-INF/classes/alfresco/site-webscripts/org/alfresco/components/folder-details/folder-actions.get.js:1971)
	at org.mozilla.javascript.gen.file__Users_angelborroy_wkrspc_github_keensoft_mimetype_blocker_share_target_mimetype_blocker_share_war_WEB_INF_classes_alfresco_site_webscripts_org_alfresco_components_folder_details_folder_actions_get_js_32.call(file:/Users/angelborroy/wkrspc/github/keensoft/mimetype-blocker-share/target/mimetype-blocker-share-war/WEB-INF/classes/alfresco/site-webscripts/org/alfresco/components/folder-details/folder-actions.get.js)
	at org.mozilla.javascript.ContextFactory.doTopCall(ContextFactory.java:394)
	at org.mozilla.javascript.ScriptRuntime.doTopCall(ScriptRuntime.java:3091)
	at org.mozilla.javascript.gen.file__Users_angelborroy_wkrspc_github_keensoft_mimetype_blocker_share_target_mimetype_blocker_share_war_WEB_INF_classes_alfresco_site_webscripts_org_alfresco_components_folder_details_folder_actions_get_js_32.call(file:/Users/angelborroy/wkrspc/github/keensoft/mimetype-blocker-share/target/mimetype-blocker-share-war/WEB-INF/classes/alfresco/site-webscripts/org/alfresco/components/folder-details/folder-actions.get.js)
	at org.mozilla.javascript.gen.file__Users_angelborroy_wkrspc_github_keensoft_mimetype_blocker_share_target_mimetype_blocker_share_war_WEB_INF_classes_alfresco_site_webscripts_org_alfresco_components_folder_details_folder_actions_get_js_32.exec(file:/Users/angelborroy/wkrspc/github/keensoft/mimetype-blocker-share/target/mimetype-blocker-share-war/WEB-INF/classes/alfresco/site-webscripts/org/alfresco/components/folder-details/folder-actions.get.js)
	at org.springframework.extensions.webscripts.processor.JSScriptProcessor.executeScriptImpl(JSScriptProcessor.java:318)
	... 147 more
2015-12-17 15:46:18,961 ERROR [org.springframework.extensions.webscripts.AbstractRuntime] [http-bio-8081-exec-9] Exception from executeScript - redirecting to status template error: 11170004 Failed to execute script 'classpath*:alfresco/site-webscripts/org/alfresco/components/folder-details/folder-sync.get.js': 11170003 TypeError: Cannot read property "value" from null (file:/Users/angelborroy/wkrspc/github/keensoft/mimetype-blocker-share/target/mimetype-blocker-share-war/WEB-INF/classes/alfresco/site-webscripts/org/alfresco/components/folder-details/folder-sync.get.js#32)
org.springframework.extensions.webscripts.WebScriptException: 11170004 Failed to execute script 'classpath*:alfresco/site-webscripts/org/alfresco/components/folder-details/folder-sync.get.js': 11170003 TypeError: Cannot read property "value" from null (file:/Users/angelborroy/wkrspc/github/keensoft/mimetype-blocker-share/target/mimetype-blocker-share-war/WEB-INF/classes/alfresco/site-webscripts/org/alfresco/components/folder-details/folder-sync.get.js#32)
	at org.springframework.extensions.webscripts.processor.JSScriptProcessor.executeScript(JSScriptProcessor.java:200)
	at org.springframework.extensions.webscripts.AbstractWebScript.executeScript(AbstractWebScript.java:1364)
	at org.springframework.extensions.webscripts.DeclarativeWebScript.execute(DeclarativeWebScript.java:86)
	at org.springframework.extensions.webscripts.PresentationContainer.executeScript(PresentationContainer.java:70)
	at org.springframework.extensions.webscripts.LocalWebScriptRuntimeContainer.executeScript(LocalWebScriptRuntimeContainer.java:236)
	at org.springframework.extensions.webscripts.AbstractRuntime.executeScript(AbstractRuntime.java:378)
	at org.springframework.extensions.webscripts.AbstractRuntime.executeScript(AbstractRuntime.java:209)
	at org.springframework.extensions.webscripts.WebScriptProcessor.executeBody(WebScriptProcessor.java:310)
	at org.springframework.extensions.surf.render.AbstractProcessor.execute(AbstractProcessor.java:57)
	at org.springframework.extensions.surf.render.RenderService.process(RenderService.java:598)
	at org.springframework.extensions.surf.render.RenderService.renderSubComponent(RenderService.java:504)
	at org.springframework.extensions.surf.render.RenderService.renderChromeInclude(RenderService.java:1283)
	at org.springframework.extensions.directives.ChromeIncludeFreeMarkerDirective.execute(ChromeIncludeFreeMarkerDirective.java:81)
	at freemarker.core.Environment.visit(Environment.java:341)
	at freemarker.core.UnifiedCall.accept(UnifiedCall.java:136)
	at freemarker.core.Environment.visit(Environment.java:265)
	at freemarker.core.MixedContent.accept(MixedContent.java:93)
	at freemarker.core.Environment.visit(Environment.java:265)
	at freemarker.core.IfBlock.accept(IfBlock.java:84)
	at freemarker.core.Environment.visit(Environment.java:265)
	at freemarker.core.MixedContent.accept(MixedContent.java:93)
	at freemarker.core.Environment.visit(Environment.java:265)
	at freemarker.core.Environment.process(Environment.java:243)
	at org.springframework.extensions.webscripts.processor.FTLTemplateProcessor.process(FTLTemplateProcessor.java:171)
	at org.springframework.extensions.webscripts.WebTemplateProcessor.executeBody(WebTemplateProcessor.java:438)
	at org.springframework.extensions.surf.render.AbstractProcessor.execute(AbstractProcessor.java:57)
	at org.springframework.extensions.surf.render.RenderService.processRenderable(RenderService.java:203)
	at org.springframework.extensions.surf.render.bean.ChromeRenderer.body(ChromeRenderer.java:95)
	at org.springframework.extensions.surf.render.AbstractRenderer.render(AbstractRenderer.java:77)
	at org.springframework.extensions.surf.render.bean.ChromeRenderer.render(ChromeRenderer.java:86)
	at org.springframework.extensions.surf.render.RenderService.processComponent(RenderService.java:431)
	at org.springframework.extensions.surf.render.bean.ComponentRenderer.body(ComponentRenderer.java:94)
	at org.springframework.extensions.surf.render.AbstractRenderer.render(AbstractRenderer.java:77)
	at org.springframework.extensions.surf.render.RenderService.renderComponent(RenderService.java:960)
	at org.springframework.extensions.surf.render.RenderService.renderRegionComponents(RenderService.java:899)
	at org.springframework.extensions.surf.render.RenderService.renderChromeInclude(RenderService.java:1262)
	at org.springframework.extensions.directives.ChromeIncludeFreeMarkerDirective.execute(ChromeIncludeFreeMarkerDirective.java:81)
	at freemarker.core.Environment.visit(Environment.java:341)
	at freemarker.core.UnifiedCall.accept(UnifiedCall.java:136)
	at freemarker.core.Environment.visit(Environment.java:265)
	at freemarker.core.MixedContent.accept(MixedContent.java:93)
	at freemarker.core.Environment.visit(Environment.java:265)
	at freemarker.core.Environment.process(Environment.java:243)
	at org.springframework.extensions.webscripts.processor.FTLTemplateProcessor.process(FTLTemplateProcessor.java:171)
	at org.springframework.extensions.webscripts.WebTemplateProcessor.executeBody(WebTemplateProcessor.java:438)
	at org.springframework.extensions.surf.render.AbstractProcessor.execute(AbstractProcessor.java:57)
	at org.springframework.extensions.surf.render.RenderService.processRenderable(RenderService.java:203)
	at org.springframework.extensions.surf.render.bean.ChromeRenderer.body(ChromeRenderer.java:95)
	at org.springframework.extensions.surf.render.AbstractRenderer.render(AbstractRenderer.java:77)
	at org.springframework.extensions.surf.render.bean.ChromeRenderer.render(ChromeRenderer.java:86)
	at org.springframework.extensions.surf.render.bean.RegionRenderer.body(RegionRenderer.java:99)
	at org.springframework.extensions.surf.render.AbstractRenderer.render(AbstractRenderer.java:77)
	at org.springframework.extensions.surf.render.RenderService.renderRegion(RenderService.java:850)
	at org.springframework.extensions.directives.RegionDirectiveData.render(RegionDirectiveData.java:91)
	at org.springframework.extensions.surf.extensibility.impl.ExtensibilityModelImpl.merge(ExtensibilityModelImpl.java:414)
	at org.springframework.extensions.surf.extensibility.impl.AbstractExtensibilityDirective.merge(AbstractExtensibilityDirective.java:169)
	at org.springframework.extensions.surf.extensibility.impl.AbstractExtensibilityDirective.execute(AbstractExtensibilityDirective.java:137)
	at freemarker.core.Environment.visit(Environment.java:341)
	at freemarker.core.UnifiedCall.accept(UnifiedCall.java:136)
	at freemarker.core.Environment.visit(Environment.java:265)
	at freemarker.core.MixedContent.accept(MixedContent.java:93)
	at freemarker.core.Environment.visit(Environment.java:265)
	at freemarker.core.Environment$1.render(Environment.java:313)
	at org.springframework.extensions.surf.extensibility.impl.DefaultExtensibilityDirectiveData.render(DefaultExtensibilityDirectiveData.java:119)
	at org.springframework.extensions.surf.extensibility.impl.ExtensibilityModelImpl.merge(ExtensibilityModelImpl.java:414)
	at org.springframework.extensions.surf.extensibility.impl.AbstractExtensibilityDirective.merge(AbstractExtensibilityDirective.java:169)
	at org.springframework.extensions.surf.extensibility.impl.AbstractExtensibilityDirective.execute(AbstractExtensibilityDirective.java:137)
	at freemarker.core.Environment.visit(Environment.java:341)
	at freemarker.core.UnifiedCall.accept(UnifiedCall.java:136)
	at freemarker.core.Environment.visit(Environment.java:265)
	at freemarker.core.MixedContent.accept(MixedContent.java:93)
	at freemarker.core.Environment.visit(Environment.java:265)
	at freemarker.core.Environment.visit(Environment.java:487)
	at freemarker.core.BodyInstruction.accept(BodyInstruction.java:93)
	at freemarker.core.Environment.visit(Environment.java:265)
	at freemarker.core.MixedContent.accept(MixedContent.java:93)
	at freemarker.core.Environment.visit(Environment.java:265)
	at freemarker.core.Macro$Context.runMacro(Macro.java:209)
	at freemarker.core.Environment.visit(Environment.java:694)
	at freemarker.core.UnifiedCall.accept(UnifiedCall.java:116)
	at freemarker.core.Environment.visit(Environment.java:265)
	at freemarker.core.MixedContent.accept(MixedContent.java:93)
	at freemarker.core.Environment.visit(Environment.java:265)
	at freemarker.core.Environment.process(Environment.java:243)
	at org.springframework.extensions.webscripts.processor.FTLTemplateProcessor.process(FTLTemplateProcessor.java:171)
	at org.springframework.extensions.webscripts.WebTemplateProcessor.executeBody(WebTemplateProcessor.java:438)
	at org.springframework.extensions.surf.render.AbstractProcessor.execute(AbstractProcessor.java:57)
	at org.springframework.extensions.surf.render.RenderService.processTemplate(RenderService.java:720)
	at org.springframework.extensions.surf.render.bean.TemplateInstanceRenderer.body(TemplateInstanceRenderer.java:140)
	at org.springframework.extensions.surf.render.AbstractRenderer.render(AbstractRenderer.java:77)
	at org.springframework.extensions.surf.render.bean.PageRenderer.body(PageRenderer.java:85)
	at org.springframework.extensions.surf.render.AbstractRenderer.render(AbstractRenderer.java:77)
	at org.springframework.extensions.surf.render.RenderService.renderPage(RenderService.java:761)
	at org.springframework.extensions.surf.mvc.PageView.dispatchPage(PageView.java:411)
	at org.alfresco.web.site.SlingshotPageView.dispatchPage(SlingshotPageView.java)
	at org.springframework.extensions.surf.mvc.PageView.renderView(PageView.java:306)
	at org.alfresco.web.site.SlingshotPageView.renderView(SlingshotPageView.java)
	at org.springframework.extensions.surf.mvc.AbstractWebFrameworkView.renderMergedOutputModel(AbstractWebFrameworkView.java:316)
	at org.alfresco.web.site.SlingshotPageView.renderMergedOutputModel(SlingshotPageView.java)
	at org.springframework.web.servlet.view.AbstractView.render(AbstractView.java:264)
	at org.alfresco.web.site.SlingshotPageView.render(SlingshotPageView.java)
	at org.springframework.web.servlet.DispatcherServlet.render(DispatcherServlet.java:1201)
	at org.springframework.web.servlet.DispatcherServlet.processDispatchResult(DispatcherServlet.java:986)
	at org.springframework.web.servlet.DispatcherServlet.doDispatch(DispatcherServlet.java:933)
	at org.springframework.web.servlet.DispatcherServlet.doService(DispatcherServlet.java:851)
	at org.springframework.web.servlet.FrameworkServlet.processRequest(FrameworkServlet.java:953)
	at org.springframework.web.servlet.FrameworkServlet.doGet(FrameworkServlet.java:844)
	at javax.servlet.http.HttpServlet.service(HttpServlet.java:621)
	at org.springframework.web.servlet.FrameworkServlet.service(FrameworkServlet.java:829)
	at javax.servlet.http.HttpServlet.service(HttpServlet.java:728)
	at org.apache.catalina.core.ApplicationFilterChain.internalDoFilter(ApplicationFilterChain.java:305)
	at org.apache.catalina.core.ApplicationFilterChain.doFilter(ApplicationFilterChain.java:210)
	at org.apache.tomcat.websocket.server.WsFilter.doFilter(WsFilter.java:51)
	at org.apache.catalina.core.ApplicationFilterChain.internalDoFilter(ApplicationFilterChain.java:243)
	at org.apache.catalina.core.ApplicationFilterChain.doFilter(ApplicationFilterChain.java:210)
	at org.tuckey.web.filters.urlrewrite.RuleChain.handleRewrite(RuleChain.java:176)
	at org.tuckey.web.filters.urlrewrite.RuleChain.doRules(RuleChain.java:145)
	at org.tuckey.web.filters.urlrewrite.UrlRewriter.processRequest(UrlRewriter.java:92)
	at org.tuckey.web.filters.urlrewrite.UrlRewriteFilter.doFilter(UrlRewriteFilter.java:389)
	at org.apache.catalina.core.ApplicationFilterChain.internalDoFilter(ApplicationFilterChain.java:243)
	at org.apache.catalina.core.ApplicationFilterChain.doFilter(ApplicationFilterChain.java:210)
	at org.alfresco.web.site.servlet.SecurityHeadersFilter.doFilter(SecurityHeadersFilter.java:168)
	at org.apache.catalina.core.ApplicationFilterChain.internalDoFilter(ApplicationFilterChain.java:243)
	at org.apache.catalina.core.ApplicationFilterChain.doFilter(ApplicationFilterChain.java:210)
	at org.alfresco.web.site.servlet.CSRFFilter.doFilter(CSRFFilter.java:315)
	at org.apache.catalina.core.ApplicationFilterChain.internalDoFilter(ApplicationFilterChain.java:243)
	at org.apache.catalina.core.ApplicationFilterChain.doFilter(ApplicationFilterChain.java:210)
	at org.alfresco.web.site.servlet.SSOAuthenticationFilter.doFilter(SSOAuthenticationFilter.java:447)
	at org.apache.catalina.core.ApplicationFilterChain.internalDoFilter(ApplicationFilterChain.java:243)
	at org.apache.catalina.core.ApplicationFilterChain.doFilter(ApplicationFilterChain.java:210)
	at org.alfresco.web.site.servlet.MTAuthenticationFilter.doFilter(MTAuthenticationFilter.java:74)
	at org.apache.catalina.core.ApplicationFilterChain.internalDoFilter(ApplicationFilterChain.java:243)
	at org.apache.catalina.core.ApplicationFilterChain.doFilter(ApplicationFilterChain.java:210)
	at org.apache.catalina.core.StandardWrapperValve.invoke(StandardWrapperValve.java:222)
	at org.apache.catalina.core.StandardContextValve.invoke(StandardContextValve.java:123)
	at org.apache.catalina.authenticator.AuthenticatorBase.invoke(AuthenticatorBase.java:502)
	at org.apache.catalina.core.StandardHostValve.invoke(StandardHostValve.java:171)
	at org.apache.catalina.valves.ErrorReportValve.invoke(ErrorReportValve.java:100)
	at org.apache.catalina.valves.AccessLogValve.invoke(AccessLogValve.java:953)
	at org.apache.catalina.core.StandardEngineValve.invoke(StandardEngineValve.java:118)
	at org.apache.catalina.connector.CoyoteAdapter.service(CoyoteAdapter.java:408)
	at org.apache.coyote.http11.AbstractHttp11Processor.process(AbstractHttp11Processor.java:1041)
	at org.apache.coyote.AbstractProtocol$AbstractConnectionHandler.process(AbstractProtocol.java:603)
	at org.apache.tomcat.util.net.JIoEndpoint$SocketProcessor.run(JIoEndpoint.java:312)
	at java.util.concurrent.ThreadPoolExecutor.runWorker(ThreadPoolExecutor.java:1142)
	at java.util.concurrent.ThreadPoolExecutor$Worker.run(ThreadPoolExecutor.java:617)
	at java.lang.Thread.run(Thread.java:745)
Caused by: org.springframework.extensions.webscripts.WebScriptException: 11170003 TypeError: Cannot read property "value" from null (file:/Users/angelborroy/wkrspc/github/keensoft/mimetype-blocker-share/target/mimetype-blocker-share-war/WEB-INF/classes/alfresco/site-webscripts/org/alfresco/components/folder-details/folder-sync.get.js#32)
	at org.springframework.extensions.webscripts.processor.JSScriptProcessor.executeScriptImpl(JSScriptProcessor.java:328)
	at org.springframework.extensions.webscripts.processor.JSScriptProcessor.executeScript(JSScriptProcessor.java:192)
	... 146 more
Caused by: org.mozilla.javascript.EcmaError: TypeError: Cannot read property "value" from null (file:/Users/angelborroy/wkrspc/github/keensoft/mimetype-blocker-share/target/mimetype-blocker-share-war/WEB-INF/classes/alfresco/site-webscripts/org/alfresco/components/folder-details/folder-sync.get.js#32)
	at org.mozilla.javascript.ScriptRuntime.constructError(ScriptRuntime.java:3687)
	at org.mozilla.javascript.ScriptRuntime.constructError(ScriptRuntime.java:3665)
	at org.mozilla.javascript.ScriptRuntime.typeError(ScriptRuntime.java:3693)
	at org.mozilla.javascript.ScriptRuntime.typeError2(ScriptRuntime.java:3712)
	at org.mozilla.javascript.ScriptRuntime.undefReadError(ScriptRuntime.java:3725)
	at org.mozilla.javascript.ScriptRuntime.getObjectProp(ScriptRuntime.java:1483)
	at org.mozilla.javascript.gen.file__Users_angelborroy_wkrspc_github_keensoft_mimetype_blocker_share_target_mimetype_blocker_share_war_WEB_INF_classes_alfresco_site_webscripts_org_alfresco_components_folder_details_folder_sync_get_js_35._c_calculateActionGroupId_2(file:/Users/angelborroy/wkrspc/github/keensoft/mimetype-blocker-share/target/mimetype-blocker-share-war/WEB-INF/classes/alfresco/site-webscripts/org/alfresco/components/folder-details/folder-sync.get.js:32)
	at org.mozilla.javascript.gen.file__Users_angelborroy_wkrspc_github_keensoft_mimetype_blocker_share_target_mimetype_blocker_share_war_WEB_INF_classes_alfresco_site_webscripts_org_alfresco_components_folder_details_folder_sync_get_js_35.call(file:/Users/angelborroy/wkrspc/github/keensoft/mimetype-blocker-share/target/mimetype-blocker-share-war/WEB-INF/classes/alfresco/site-webscripts/org/alfresco/components/folder-details/folder-sync.get.js)
	at org.mozilla.javascript.optimizer.OptRuntime.callN(OptRuntime.java:52)
	at org.mozilla.javascript.gen.file__Users_angelborroy_wkrspc_github_keensoft_mimetype_blocker_share_target_mimetype_blocker_share_war_WEB_INF_classes_alfresco_site_webscripts_org_alfresco_components_folder_details_folder_sync_get_js_35._c_processItem_6(file:/Users/angelborroy/wkrspc/github/keensoft/mimetype-blocker-share/target/mimetype-blocker-share-war/WEB-INF/classes/alfresco/site-webscripts/org/alfresco/components/folder-details/folder-sync.get.js:161)
	at org.mozilla.javascript.gen.file__Users_angelborroy_wkrspc_github_keensoft_mimetype_blocker_share_target_mimetype_blocker_share_war_WEB_INF_classes_alfresco_site_webscripts_org_alfresco_components_folder_details_folder_sync_get_js_35.call(file:/Users/angelborroy/wkrspc/github/keensoft/mimetype-blocker-share/target/mimetype-blocker-share-war/WEB-INF/classes/alfresco/site-webscripts/org/alfresco/components/folder-details/folder-sync.get.js)
	at org.mozilla.javascript.optimizer.OptRuntime.callName(OptRuntime.java:63)
	at org.mozilla.javascript.gen.file__Users_angelborroy_wkrspc_github_keensoft_mimetype_blocker_share_target_mimetype_blocker_share_war_WEB_INF_classes_alfresco_site_webscripts_org_alfresco_components_folder_details_folder_sync_get_js_35._c_processResult_4(file:/Users/angelborroy/wkrspc/github/keensoft/mimetype-blocker-share/target/mimetype-blocker-share-war/WEB-INF/classes/alfresco/site-webscripts/org/alfresco/components/folder-details/folder-sync.get.js:369)
	at org.mozilla.javascript.gen.file__Users_angelborroy_wkrspc_github_keensoft_mimetype_blocker_share_target_mimetype_blocker_share_war_WEB_INF_classes_alfresco_site_webscripts_org_alfresco_components_folder_details_folder_sync_get_js_35.call(file:/Users/angelborroy/wkrspc/github/keensoft/mimetype-blocker-share/target/mimetype-blocker-share-war/WEB-INF/classes/alfresco/site-webscripts/org/alfresco/components/folder-details/folder-sync.get.js)
	at org.mozilla.javascript.optimizer.OptRuntime.call2(OptRuntime.java:42)
	at org.mozilla.javascript.gen.file__Users_angelborroy_wkrspc_github_keensoft_mimetype_blocker_share_target_mimetype_blocker_share_war_WEB_INF_classes_alfresco_site_webscripts_org_alfresco_components_folder_details_folder_sync_get_js_35._c_processNodeDetails_35(file:/Users/angelborroy/wkrspc/github/keensoft/mimetype-blocker-share/target/mimetype-blocker-share-war/WEB-INF/classes/alfresco/site-webscripts/org/alfresco/components/folder-details/folder-sync.get.js:1132)
	at org.mozilla.javascript.gen.file__Users_angelborroy_wkrspc_github_keensoft_mimetype_blocker_share_target_mimetype_blocker_share_war_WEB_INF_classes_alfresco_site_webscripts_org_alfresco_components_folder_details_folder_sync_get_js_35.call(file:/Users/angelborroy/wkrspc/github/keensoft/mimetype-blocker-share/target/mimetype-blocker-share-war/WEB-INF/classes/alfresco/site-webscripts/org/alfresco/components/folder-details/folder-sync.get.js)
	at org.mozilla.javascript.optimizer.OptRuntime.callN(OptRuntime.java:52)
	at org.mozilla.javascript.gen.file__Users_angelborroy_wkrspc_github_keensoft_mimetype_blocker_share_target_mimetype_blocker_share_war_WEB_INF_classes_alfresco_site_webscripts_org_alfresco_components_folder_details_folder_sync_get_js_35._c_getNodeDetails_34(file:/Users/angelborroy/wkrspc/github/keensoft/mimetype-blocker-share/target/mimetype-blocker-share-war/WEB-INF/classes/alfresco/site-webscripts/org/alfresco/components/folder-details/folder-sync.get.js:1112)
	at org.mozilla.javascript.gen.file__Users_angelborroy_wkrspc_github_keensoft_mimetype_blocker_share_target_mimetype_blocker_share_war_WEB_INF_classes_alfresco_site_webscripts_org_alfresco_components_folder_details_folder_sync_get_js_35.call(file:/Users/angelborroy/wkrspc/github/keensoft/mimetype-blocker-share/target/mimetype-blocker-share-war/WEB-INF/classes/alfresco/site-webscripts/org/alfresco/components/folder-details/folder-sync.get.js)
	at org.mozilla.javascript.optimizer.OptRuntime.callN(OptRuntime.java:52)
	at org.mozilla.javascript.gen.file__Users_angelborroy_wkrspc_github_keensoft_mimetype_blocker_share_target_mimetype_blocker_share_war_WEB_INF_classes_alfresco_site_webscripts_org_alfresco_components_folder_details_folder_sync_get_js_35._c_main_50(file:/Users/angelborroy/wkrspc/github/keensoft/mimetype-blocker-share/target/mimetype-blocker-share-war/WEB-INF/classes/alfresco/site-webscripts/org/alfresco/components/folder-details/folder-sync.get.js:1653)
	at org.mozilla.javascript.gen.file__Users_angelborroy_wkrspc_github_keensoft_mimetype_blocker_share_target_mimetype_blocker_share_war_WEB_INF_classes_alfresco_site_webscripts_org_alfresco_components_folder_details_folder_sync_get_js_35.call(file:/Users/angelborroy/wkrspc/github/keensoft/mimetype-blocker-share/target/mimetype-blocker-share-war/WEB-INF/classes/alfresco/site-webscripts/org/alfresco/components/folder-details/folder-sync.get.js)
	at org.mozilla.javascript.optimizer.OptRuntime.callName0(OptRuntime.java:74)
	at org.mozilla.javascript.gen.file__Users_angelborroy_wkrspc_github_keensoft_mimetype_blocker_share_target_mimetype_blocker_share_war_WEB_INF_classes_alfresco_site_webscripts_org_alfresco_components_folder_details_folder_sync_get_js_35._c_script_0(file:/Users/angelborroy/wkrspc/github/keensoft/mimetype-blocker-share/target/mimetype-blocker-share-war/WEB-INF/classes/alfresco/site-webscripts/org/alfresco/components/folder-details/folder-sync.get.js:1675)
	at org.mozilla.javascript.gen.file__Users_angelborroy_wkrspc_github_keensoft_mimetype_blocker_share_target_mimetype_blocker_share_war_WEB_INF_classes_alfresco_site_webscripts_org_alfresco_components_folder_details_folder_sync_get_js_35.call(file:/Users/angelborroy/wkrspc/github/keensoft/mimetype-blocker-share/target/mimetype-blocker-share-war/WEB-INF/classes/alfresco/site-webscripts/org/alfresco/components/folder-details/folder-sync.get.js)
	at org.mozilla.javascript.ContextFactory.doTopCall(ContextFactory.java:394)
	at org.mozilla.javascript.ScriptRuntime.doTopCall(ScriptRuntime.java:3091)
	at org.mozilla.javascript.gen.file__Users_angelborroy_wkrspc_github_keensoft_mimetype_blocker_share_target_mimetype_blocker_share_war_WEB_INF_classes_alfresco_site_webscripts_org_alfresco_components_folder_details_folder_sync_get_js_35.call(file:/Users/angelborroy/wkrspc/github/keensoft/mimetype-blocker-share/target/mimetype-blocker-share-war/WEB-INF/classes/alfresco/site-webscripts/org/alfresco/components/folder-details/folder-sync.get.js)
	at org.mozilla.javascript.gen.file__Users_angelborroy_wkrspc_github_keensoft_mimetype_blocker_share_target_mimetype_blocker_share_war_WEB_INF_classes_alfresco_site_webscripts_org_alfresco_components_folder_details_folder_sync_get_js_35.exec(file:/Users/angelborroy/wkrspc/github/keensoft/mimetype-blocker-share/target/mimetype-blocker-share-war/WEB-INF/classes/alfresco/site-webscripts/org/alfresco/components/folder-details/folder-sync.get.js)
	at org.springframework.extensions.webscripts.processor.JSScriptProcessor.executeScriptImpl(JSScriptProcessor.java:318)
	... 147 more
2015-12-17 15:46:23,939 ERROR [org.alfresco.web.site] [http-bio-8081-exec-5] javax.servlet.ServletException: Could not resolve view with name 'context/shared/undefinedservice/modules/authenticated' in servlet with name 'Spring Surf Dispatcher Servlet'
2015-12-17 15:47:05,176 INFO  [org.springframework.extensions.webscripts.TemplateProcessorRegistry] [localhost-startStop-1] Registered template processor freemarker for extension ftl
2015-12-17 15:47:05,182 INFO  [org.springframework.extensions.webscripts.ScriptProcessorRegistry] [localhost-startStop-1] Registered script processor javascript for extension js
2015-12-17 15:47:05,183 INFO  [org.springframework.extensions.webscripts.TemplateProcessorRegistry] [localhost-startStop-1] Registered template processor freemarker for extension ftl
2015-12-17 15:47:05,185 INFO  [org.springframework.extensions.webscripts.ScriptProcessorRegistry] [localhost-startStop-1] Registered script processor javascript for extension js
2015-12-17 15:47:08,677 INFO  [org.springframework.extensions.webscripts.DeclarativeRegistry] [localhost-startStop-1] Registered 368 Web Scripts (+0 failed), 382 URLs
2015-12-17 15:47:08,677 INFO  [org.springframework.extensions.webscripts.DeclarativeRegistry] [localhost-startStop-1] Registered 8 Package Description Documents (+0 failed) 
2015-12-17 15:47:08,677 INFO  [org.springframework.extensions.webscripts.DeclarativeRegistry] [localhost-startStop-1] Registered 0 Schema Description Documents (+0 failed) 
2015-12-17 15:47:08,798 INFO  [org.springframework.extensions.webscripts.AbstractRuntimeContainer] [localhost-startStop-1] Initialised Spring Surf Container Web Script Container (in 3573.2842ms)
2015-12-17 15:47:08,800 INFO  [org.springframework.extensions.webscripts.TemplateProcessorRegistry] [localhost-startStop-1] Registered template processor freemarker for extension ftl
2015-12-17 15:47:08,801 INFO  [org.springframework.extensions.webscripts.ScriptProcessorRegistry] [localhost-startStop-1] Registered script processor javascript for extension js
2015-12-17 15:47:45,458 INFO  [org.alfresco.web.site.EditionInterceptor] [http-bio-8081-exec-7] Successfully retrieved license information from Alfresco.
2015-12-17 15:47:51,619 INFO  [org.alfresco.web.scripts.ImapServerStatus] [http-bio-8081-exec-8] Successfully retrieved IMAP server status from Alfresco: disabled
2015-12-17 15:48:02,521 INFO  [org.alfresco.web.scripts.DictionaryQuery] [http-bio-8081-exec-2] Successfully retrieved Data Dictionary from Alfresco.
2015-12-17 15:54:33,518 INFO  [org.springframework.extensions.webscripts.DeclarativeRegistry] [http-bio-8081-exec-3] Registered 368 Web Scripts (+0 failed), 382 URLs
2015-12-17 15:54:33,519 INFO  [org.springframework.extensions.webscripts.DeclarativeRegistry] [http-bio-8081-exec-3] Registered 8 Package Description Documents (+0 failed) 
2015-12-17 15:54:33,519 INFO  [org.springframework.extensions.webscripts.DeclarativeRegistry] [http-bio-8081-exec-3] Registered 0 Schema Description Documents (+0 failed) 
2015-12-17 15:54:33,666 INFO  [org.springframework.extensions.webscripts.AbstractRuntimeContainer] [http-bio-8081-exec-3] Initialised Spring Surf Container Web Script Container (in 3556.0842ms)
2015-12-17 15:54:43,840 INFO  [org.springframework.extensions.webscripts.DeclarativeRegistry] [http-bio-8081-exec-4] Registered 368 Web Scripts (+0 failed), 382 URLs
2015-12-17 15:54:43,841 INFO  [org.springframework.extensions.webscripts.DeclarativeRegistry] [http-bio-8081-exec-4] Registered 8 Package Description Documents (+0 failed) 
2015-12-17 15:54:43,841 INFO  [org.springframework.extensions.webscripts.DeclarativeRegistry] [http-bio-8081-exec-4] Registered 0 Schema Description Documents (+0 failed) 
2015-12-17 15:54:43,976 INFO  [org.springframework.extensions.webscripts.AbstractRuntimeContainer] [http-bio-8081-exec-4] Initialised Spring Surf Container Web Script Container (in 3391.014ms)
2015-12-17 15:54:57,189 INFO  [org.springframework.extensions.webscripts.DeclarativeRegistry] [http-bio-8081-exec-2] Registered 368 Web Scripts (+0 failed), 382 URLs
2015-12-17 15:54:57,189 INFO  [org.springframework.extensions.webscripts.DeclarativeRegistry] [http-bio-8081-exec-2] Registered 8 Package Description Documents (+0 failed) 
2015-12-17 15:54:57,189 INFO  [org.springframework.extensions.webscripts.DeclarativeRegistry] [http-bio-8081-exec-2] Registered 0 Schema Description Documents (+0 failed) 
2015-12-17 15:54:57,273 INFO  [org.springframework.extensions.webscripts.AbstractRuntimeContainer] [http-bio-8081-exec-2] Initialised Spring Surf Container Web Script Container (in 2997.0398ms)
2015-12-17 15:55:10,971 INFO  [org.springframework.extensions.webscripts.DeclarativeRegistry] [http-bio-8081-exec-2] Registered 368 Web Scripts (+0 failed), 382 URLs
2015-12-17 15:55:10,971 INFO  [org.springframework.extensions.webscripts.DeclarativeRegistry] [http-bio-8081-exec-2] Registered 8 Package Description Documents (+0 failed) 
2015-12-17 15:55:10,971 INFO  [org.springframework.extensions.webscripts.DeclarativeRegistry] [http-bio-8081-exec-2] Registered 0 Schema Description Documents (+0 failed) 
2015-12-17 15:55:11,076 INFO  [org.springframework.extensions.webscripts.AbstractRuntimeContainer] [http-bio-8081-exec-2] Initialised Spring Surf Container Web Script Container (in 2952.3381ms)
2015-12-17 15:55:19,755 INFO  [org.springframework.extensions.webscripts.DeclarativeRegistry] [http-bio-8081-exec-7] Registered 368 Web Scripts (+0 failed), 382 URLs
2015-12-17 15:55:19,755 INFO  [org.springframework.extensions.webscripts.DeclarativeRegistry] [http-bio-8081-exec-7] Registered 8 Package Description Documents (+0 failed) 
2015-12-17 15:55:19,756 INFO  [org.springframework.extensions.webscripts.DeclarativeRegistry] [http-bio-8081-exec-7] Registered 0 Schema Description Documents (+0 failed) 
2015-12-17 15:55:19,819 INFO  [org.springframework.extensions.webscripts.AbstractRuntimeContainer] [http-bio-8081-exec-7] Initialised Spring Surf Container Web Script Container (in 2930.0803ms)
2015-12-17 15:55:53,880 INFO  [org.springframework.extensions.webscripts.DeclarativeRegistry] [http-bio-8081-exec-10] Registered 368 Web Scripts (+0 failed), 382 URLs
2015-12-17 15:55:53,880 INFO  [org.springframework.extensions.webscripts.DeclarativeRegistry] [http-bio-8081-exec-10] Registered 8 Package Description Documents (+0 failed) 
2015-12-17 15:55:53,880 INFO  [org.springframework.extensions.webscripts.DeclarativeRegistry] [http-bio-8081-exec-10] Registered 0 Schema Description Documents (+0 failed) 
2015-12-17 15:55:53,933 INFO  [org.springframework.extensions.webscripts.AbstractRuntimeContainer] [http-bio-8081-exec-10] Initialised Spring Surf Container Web Script Container (in 2912.4365ms)
2015-12-17 15:56:00,223 INFO  [org.springframework.extensions.webscripts.DeclarativeRegistry] [http-bio-8081-exec-9] Registered 368 Web Scripts (+0 failed), 382 URLs
2015-12-17 15:56:00,223 INFO  [org.springframework.extensions.webscripts.DeclarativeRegistry] [http-bio-8081-exec-9] Registered 8 Package Description Documents (+0 failed) 
2015-12-17 15:56:00,223 INFO  [org.springframework.extensions.webscripts.DeclarativeRegistry] [http-bio-8081-exec-9] Registered 0 Schema Description Documents (+0 failed) 
2015-12-17 15:56:00,275 INFO  [org.springframework.extensions.webscripts.AbstractRuntimeContainer] [http-bio-8081-exec-9] Initialised Spring Surf Container Web Script Container (in 2972.0308ms)
2015-12-17 15:56:11,465 INFO  [org.springframework.extensions.webscripts.DeclarativeRegistry] [http-bio-8081-exec-5] Registered 368 Web Scripts (+0 failed), 382 URLs
2015-12-17 15:56:11,465 INFO  [org.springframework.extensions.webscripts.DeclarativeRegistry] [http-bio-8081-exec-5] Registered 8 Package Description Documents (+0 failed) 
2015-12-17 15:56:11,465 INFO  [org.springframework.extensions.webscripts.DeclarativeRegistry] [http-bio-8081-exec-5] Registered 0 Schema Description Documents (+0 failed) 
2015-12-17 15:56:11,508 INFO  [org.springframework.extensions.webscripts.AbstractRuntimeContainer] [http-bio-8081-exec-5] Initialised Spring Surf Container Web Script Container (in 2913.8364ms)
2015-12-17 15:56:42,294 INFO  [org.springframework.extensions.webscripts.TemplateProcessorRegistry] [localhost-startStop-1] Registered template processor freemarker for extension ftl
2015-12-17 15:56:42,303 INFO  [org.springframework.extensions.webscripts.ScriptProcessorRegistry] [localhost-startStop-1] Registered script processor javascript for extension js
2015-12-17 15:56:42,304 INFO  [org.springframework.extensions.webscripts.TemplateProcessorRegistry] [localhost-startStop-1] Registered template processor freemarker for extension ftl
2015-12-17 15:56:42,306 INFO  [org.springframework.extensions.webscripts.ScriptProcessorRegistry] [localhost-startStop-1] Registered script processor javascript for extension js
2015-12-17 15:56:45,459 INFO  [org.springframework.extensions.webscripts.DeclarativeRegistry] [localhost-startStop-1] Registered 368 Web Scripts (+0 failed), 382 URLs
2015-12-17 15:56:45,459 INFO  [org.springframework.extensions.webscripts.DeclarativeRegistry] [localhost-startStop-1] Registered 8 Package Description Documents (+0 failed) 
2015-12-17 15:56:45,459 INFO  [org.springframework.extensions.webscripts.DeclarativeRegistry] [localhost-startStop-1] Registered 0 Schema Description Documents (+0 failed) 
2015-12-17 15:56:45,589 INFO  [org.springframework.extensions.webscripts.AbstractRuntimeContainer] [localhost-startStop-1] Initialised Spring Surf Container Web Script Container (in 3238.1558ms)
2015-12-17 15:56:45,593 INFO  [org.springframework.extensions.webscripts.TemplateProcessorRegistry] [localhost-startStop-1] Registered template processor freemarker for extension ftl
2015-12-17 15:56:45,594 INFO  [org.springframework.extensions.webscripts.ScriptProcessorRegistry] [localhost-startStop-1] Registered script processor javascript for extension js
2015-12-17 15:56:49,488 INFO  [org.alfresco.web.site.EditionInterceptor] [http-bio-8081-exec-1] Successfully retrieved license information from Alfresco.
2015-12-17 15:57:02,184 INFO  [org.alfresco.web.scripts.DictionaryQuery] [http-bio-8081-exec-8] Successfully retrieved Data Dictionary from Alfresco.
